0 info it worked if it ends with ok
1 verbose cli [ '/usr/bin/node', '/usr/bin/npm', 'start' ]
2 info using npm@3.10.10
3 info using node@v6.12.0
4 verbose run-script [ 'prestart', 'start', 'poststart' ]
5 info lifecycle yhack@0.0.0~prestart: yhack@0.0.0
6 silly lifecycle yhack@0.0.0~prestart: no script for prestart, continuing
7 info lifecycle yhack@0.0.0~start: yhack@0.0.0
8 verbose lifecycle yhack@0.0.0~start: unsafe-perm in lifecycle true
9 verbose lifecycle yhack@0.0.0~start: PATH: /usr/lib/node_modules/npm/bin/node-gyp-bin:/mnt/c/Dev/HACKS/YHack/node_modules/.bin:/usr/local/sbin:/usr/local/bin:/usr/sbin:/usr/bin:/sbin:/bin:/usr/games:/usr/local/games:/mnt/c/Program Files/ImageMagick-7.0.7-Q16:/mnt/c/Program Files/Dell/DW WLAN Card:/mnt/c/Program Files (x86)/Java/jdk1.8.0_101/bin:/mnt/c/ProgramData/Oracle/Java/javapath_target_54625968:/mnt/c/Program Files (x86)/Intel/iCLS Client:/mnt/c/Program Files/Intel/iCLS Client:/mnt/c/Windows/System32:/mnt/c/Windows:/mnt/c/Windows/System32/wbem:/mnt/c/Windows/System32/WindowsPowerShell/v1.0:/mnt/c/Program Files (x86)/Intel/Intel(R) Management Engine Components/DAL:/mnt/c/Program Files/Intel/Intel(R) Management Engine Components/DAL:/mnt/c/Program Files (x86)/Intel/Intel(R) Management Engine Components/IPT:/mnt/c/Program Files/Intel/Intel(R) Management Engine Components/IPT:/mnt/c/Program Files (x86)/GtkSharp/2.12/bin:/mnt/c/Program Files (x86)/Skype/Phone:/mnt/c/Program Files/PuTTY:/mnt/c/Program Files/Git/cmd:/mnt/c/MinGW/bin:/mnt/c/Program Files/nodejs:/mnt/c/Dev/apache-maven-3.5.0/bin:/mnt/c/Users/jonat/scoop/shims:/mnt/c/Users/jonat/AppData/Local/Microsoft/WindowsApps:/mnt/c/texlive/2017/bin/win32:/mnt/c/Users/jonat/AppData/Local/Google/Cloud SDK/google-cloud-sdk/bin:/mnt/c/Users/jonat/AppData/Roaming/npm:/mnt/c/:/mnt/c/Windows/System32:/mnt/c/Windows:/mnt/c/Windows/System32/wbem:/mnt/c/Windows/System32/WindowsPowerShell/v1.0:/mnt/c/Users/jonat/AppData/Local/Programs/Python/Python36/Scripts:/mnt/c/Users/jonat/AppData/Local/Programs/Python/Python36:/mnt/c/Users/jonat/scoop/shims:/mnt/c/Users/jonat/AppData/Local/Microsoft/WindowsApps:/mnt/c/texlive/2017/bin/win32:/mnt/c/Users/jonat/AppData/Local/Google/Cloud SDK/google-cloud-sdk/bin:/mnt/c/Users/jonat/AppData/Roaming/npm:/mnt/c/Dev/apache-maven-3.5.0/bin:/mnt/c/Dev/apache-archiva-2.2.3/bin:/mnt/c/Users/jonat/AppData/Local/Microsoft/WindowsApps
10 verbose lifecycle yhack@0.0.0~start: CWD: /mnt/c/Dev/HACKS/YHack
11 silly lifecycle yhack@0.0.0~start: Args: [ '-c', 'node server.js' ]
12 silly lifecycle yhack@0.0.0~start: Returned: code: 1  signal: null
13 info lifecycle yhack@0.0.0~start: Failed to exec start script
14 verbose stack Error: yhack@0.0.0 start: `node server.js`
14 verbose stack Exit status 1
14 verbose stack     at EventEmitter.<anonymous> (/usr/lib/node_modules/npm/lib/utils/lifecycle.js:255:16)
14 verbose stack     at emitTwo (events.js:106:13)
14 verbose stack     at EventEmitter.emit (events.js:191:7)
14 verbose stack     at ChildProcess.<anonymous> (/usr/lib/node_modules/npm/lib/utils/spawn.js:40:14)
14 verbose stack     at emitTwo (events.js:106:13)
14 verbose stack     at ChildProcess.emit (events.js:191:7)
14 verbose stack     at maybeClose (internal/child_process.js:920:16)
14 verbose stack     at Process.ChildProcess._handle.onexit (internal/child_process.js:230:5)
15 verbose pkgid yhack@0.0.0
16 verbose cwd /mnt/c/Dev/HACKS/YHack/python_script/demo
17 error Linux 4.4.0-43-Microsoft
18 error argv "/usr/bin/node" "/usr/bin/npm" "start"
19 error node v6.12.0
20 error npm  v3.10.10
21 error code ELIFECYCLE
22 error yhack@0.0.0 start: `node server.js`
22 error Exit status 1
23 error Failed at the yhack@0.0.0 start script 'node server.js'.
23 error Make sure you have the latest version of node.js and npm installed.
23 error If you do, this is most likely a problem with the yhack package,
23 error not with npm itself.
23 error Tell the author that this fails on your system:
23 error     node server.js
23 error You can get information on how to open an issue for this project with:
23 error     npm bugs yhack
23 error Or if that isn't available, you can get their info via:
23 error     npm owner ls yhack
23 error There is likely additional logging output above.
24 verbose exit [ 1, true ]
